# JRE version: OpenJDK Runtime Environment (11.0.3+12) (build 11.0.3+12-b304.10)
# Java VM: OpenJDK 64-Bit Server VM (11.0.3+12-b304.10, mixed mode, tiered, compressed oops, g1 gc, linux-amd64)
Heap:
 garbage-first heap   total 268288K, used 64118K [0x00000000e1200000, 0x0000000100000000)
  region size 1024K, 1 young (1024K), 1 survivors (1024K)
 Metaspace       used 104279K, capacity 110632K, committed 111100K, reserved 1142784K
  class space    used 15136K, capacity 18550K, committed 18684K, reserved 1048576K
GC Heap History (10 events):
Event: 38.881 GC heap after
{Heap after GC invocations=72 (full 2):
 garbage-first heap   total 137216K, used 60715K [0x00000000e1200000, 0x0000000100000000)
  region size 1024K, 2 young (2048K), 2 survivors (2048K)
 Metaspace       used 95670K, capacity 101552K, committed 101628K, reserved 1134592K
  class space    used 13924K, capacity 17102K, committed 17148K, reserved 1048576K
}
Event: 39.441 GC heap before
{Heap before GC invocations=72 (full 2):
 garbage-first heap   total 137216K, used 87339K [0x00000000e1200000, 0x0000000100000000)
  region size 1024K, 28 young (28672K), 2 survivors (2048K)
 Metaspace       used 96932K, capacity 103215K, committed 103548K, reserved 1134592K
  class space    used 14279K, capacity 17677K, committed 17788K, reserved 1048576K
}
Event: 39.457 GC heap after
{Heap after GC invocations=73 (full 2):
 garbage-first heap   total 137216K, used 61361K [0x00000000e1200000, 0x0000000100000000)
  region size 1024K, 2 young (2048K), 2 survivors (2048K)
 Metaspace       used 96932K, capacity 103215K, committed 103548K, reserved 1134592K
  class space    used 14279K, capacity 17677K, committed 17788K, reserved 1048576K
}
Event: 57.571 GC heap before
{Heap before GC invocations=73 (full 2):
 garbage-first heap   total 137216K, used 90033K [0x00000000e1200000, 0x0000000100000000)
  region size 1024K, 31 young (31744K), 2 survivors (2048K)
 Metaspace       used 104140K, capacity 110492K, committed 110844K, reserved 1140736K
  class space    used 15134K, capacity 18547K, committed 18684K, reserved 1048576K
}
Event: 57.621 GC heap after
{Heap after GC invocations=74 (full 2):
 garbage-first heap   total 137216K, used 63804K [0x00000000e1200000, 0x0000000100000000)
  region size 1024K, 4 young (4096K), 4 survivors (4096K)
 Metaspace       used 104140K, capacity 110492K, committed 110844K, reserved 1140736K
  class space    used 15134K, capacity 18547K, committed 18684K, reserved 1048576K
}
Event: 60.937 GC heap before
{Heap before GC invocations=74 (full 2):
 garbage-first heap   total 137216K, used 93500K [0x00000000e1200000, 0x0000000100000000)
  region size 1024K, 34 young (34816K), 4 survivors (4096K)
 Metaspace       used 104279K, capacity 110632K, committed 111100K, reserved 1142784K
  class space    used 15136K, capacity 18550K, committed 18684K, reserved 1048576K
}
Event: 62.656 GC heap after
{Heap after GC invocations=75 (full 2):
 garbage-first heap   total 137216K, used 64464K [0x00000000e1200000, 0x0000000100000000)
  region size 1024K, 1 young (1024K), 1 survivors (1024K)
 Metaspace       used 104279K, capacity 110632K, committed 111100K, reserved 1142784K
  class space    used 15136K, capacity 18550K, committed 18684K, reserved 1048576K
}
Event: 62.808 GC heap before
{Heap before GC invocations=75 (full 2):
 garbage-first heap   total 137216K, used 68560K [0x00000000e1200000, 0x0000000100000000)
  region size 1024K, 6 young (6144K), 1 survivors (1024K)
 Metaspace       used 104279K, capacity 110632K, committed 111100K, reserved 1142784K
  class space    used 15136K, capacity 18550K, committed 18684K, reserved 1048576K
}
Event: 64.238 GC heap after
{Heap after GC invocations=76 (full 2):
 garbage-first heap   total 137216K, used 64799K [0x00000000e1200000, 0x0000000100000000)
  region size 1024K, 1 young (1024K), 1 survivors (1024K)
 Metaspace       used 104279K, capacity 110632K, committed 111100K, reserved 1142784K
  class space    used 15136K, capacity 18550K, committed 18684K, reserved 1048576K
}
Event: 65.455 GC heap before
{Heap before GC invocations=76 (full 2):
 garbage-first heap   total 137216K, used 68895K [0x00000000e1200000, 0x0000000100000000)
  region size 1024K, 6 young (6144K), 1 survivors (1024K)
 Metaspace       used 104279K, capacity 110632K, committed 111100K, reserved 1142784K
  class space    used 15136K, capacity 18550K, committed 18684K, reserved 1048576K
}

